20:38:46.394  304  DEBUG fr.sparna.rdf.xls2rdf.app.Convert - Will use output format : text/turtle
20:38:46.402  312  DEBUG fr.sparna.rdf.xls2rdf.app.Convert - Will use ModelWriter : fr.sparna.rdf.xls2rdf.OutputStreamModelWriter
20:38:47.030  940  DEBUG f.s.rdf.xls2rdf.Xls2RdfConverter - Processing sheet: Sheet1
20:38:47.036  946  INFO  f.sparna.rdf.xls2rdf.RdfizableSheet - Found proper property in header : http://vocab.fairdatacollective.org/zonmw/project-content/
20:38:47.038  948  INFO  f.sparna.rdf.xls2rdf.RdfizableSheet - Found proper property in header : http://purl.org/pav/
20:38:47.040  950  INFO  f.sparna.rdf.xls2rdf.RdfizableSheet - Found proper property in header : http://purl.org/dc/terms/
20:38:47.043  953  INFO  f.sparna.rdf.xls2rdf.RdfizableSheet - Found proper property in header : http://www.w3.org/2002/07/owl#
20:38:47.044  954  INFO  f.sparna.rdf.xls2rdf.RdfizableSheet - Found proper property in header : http://www.w3.org/2001/XMLSchema#
20:38:47.049  959  INFO  f.sparna.rdf.xls2rdf.RdfizableSheet - Found proper property in header : https://orcid.org/0000-0003-2195-3997
20:38:47.052  962  INFO  f.sparna.rdf.xls2rdf.RdfizableSheet - Found proper property in header : https://orcid.org/0000-0002-7160-5942
20:38:47.053  963  INFO  f.sparna.rdf.xls2rdf.RdfizableSheet - Found proper property in header : https://orcid.org/0000-0002-9381-9693
20:38:47.055  965  INFO  f.sparna.rdf.xls2rdf.RdfizableSheet - Found proper property in header : https://spdx.org/licenses/CC0-1.0
20:38:47.058  968  INFO  f.sparna.rdf.xls2rdf.RdfizableSheet - Found proper property in header : http://www.w3.org/2004/02/skos/core#prefLabel
20:38:47.059  969  INFO  f.sparna.rdf.xls2rdf.RdfizableSheet - Found proper property in header : http://www.w3.org/2004/02/skos/core#altLabel
20:38:47.060  970  INFO  f.sparna.rdf.xls2rdf.RdfizableSheet - Found proper property in header : http://www.w3.org/2004/02/skos/core#definition
20:38:47.060  970  INFO  f.sparna.rdf.xls2rdf.RdfizableSheet - Found proper property in header : http://purl.org/dc/terms/source
20:38:47.060  970  INFO  f.sparna.rdf.xls2rdf.RdfizableSheet - Found proper property in header : http://www.w3.org/2004/02/skos/core#broader
20:38:47.060  970  INFO  f.sparna.rdf.xls2rdf.RdfizableSheet - Found proper property in header : http://www.w3.org/2004/02/skos/core#closeMatch
20:38:47.060  970  INFO  f.sparna.rdf.xls2rdf.RdfizableSheet - Found proper property in header : http://www.w3.org/2004/02/skos/core#exactMatch
20:38:47.061  971  INFO  f.sparna.rdf.xls2rdf.RdfizableSheet - Found proper property in header : http://www.w3.org/2004/02/skos/core#relatedMatch
20:38:47.062  972  INFO  f.sparna.rdf.xls2rdf.RdfizableSheet - Found proper property in header : http://www.w3.org/2002/07/owl#deprecated
20:38:47.062  972  INFO  f.sparna.rdf.xls2rdf.RdfizableSheet - Found at least 2 headers with proper property declaration in the first 10 columns, title row is at index 16
20:38:47.063  973  DEBUG f.s.rdf.xls2rdf.Xls2RdfConverter - Found title row at index 16
20:38:47.066  976  DEBUG f.s.rdf.xls2rdf.Xls2RdfConverter - Adding value on header object "ZonMW Project Content Vocabulary" with lang en
20:38:47.070  980  DEBUG f.s.rdf.xls2rdf.Xls2RdfConverter - Adding value on header object "ZonMW Project Content Vocabulary" with lang en
20:38:47.071  981  DEBUG f.s.rdf.xls2rdf.Xls2RdfConverter - Adding value on header object "Controlled vocabulary of terms used in ZonMV COVID project content metadata template" with lang en
20:38:47.072  982  DEBUG f.s.rdf.xls2rdf.Xls2RdfConverter - Adding value on header object "https://orcid.org/0000-0003-2195-3997" with lang en
20:38:47.072  982  DEBUG f.s.rdf.xls2rdf.Xls2RdfConverter - Adding value on header object "https://orcid.org/0000-0002-7160-5942" with lang en
20:38:47.073  983  DEBUG f.s.rdf.xls2rdf.Xls2RdfConverter - Adding value on header object "https://orcid.org/0000-0002-9381-9693" with lang en
20:38:47.074  984  DEBUG f.s.rdf.xls2rdf.Xls2RdfConverter - Adding value on header object "https://spdx.org/licenses/CC0-1.0" with lang en
20:38:47.074  984  DEBUG f.s.rdf.xls2rdf.Xls2RdfConverter - Adding value on header object "1.1.0" with lang en
20:38:47.075  985  DEBUG f.s.rdf.xls2rdf.Xls2RdfConverter - Adding value on header object "2021-02-10T11:00:00+00:00" with lang en
20:38:47.076  986  DEBUG f.s.rdf.xls2rdf.Xls2RdfConverter - Adding value on header object "2021-05-26T22:40:00+00:00" with lang en
20:38:47.080  990  DEBUG f.s.rdf.xls2rdf.Xls2RdfConverter - Converting data with these column headers: 
20:38:47.081  991  DEBUG f.s.rdf.xls2rdf.Xls2RdfConverter - ColumnHeader [originalValue=Identifier, language=Optional.empty, datatype=Optional.empty, property=null, declaredProperty=Identifier, inverse=false, parameters={}, id=null, reconcileOn=null, headerCell=Identifier]
20:38:47.082  992  DEBUG f.s.rdf.xls2rdf.Xls2RdfConverter - ColumnHeader [originalValue=skos:prefLabel@en, language=Optional[en], datatype=Optional.empty, property=http://www.w3.org/2004/02/skos/core#prefLabel, declaredProperty=skos:prefLabel, inverse=false, parameters={}, id=null, reconcileOn=null, headerCell=skos:prefLabel@en]
20:38:47.082  992  DEBUG f.s.rdf.xls2rdf.Xls2RdfConverter - ColumnHeader [originalValue=skos:altLabel(separator=","), language=Optional.empty, datatype=Optional.empty, property=http://www.w3.org/2004/02/skos/core#altLabel, declaredProperty=skos:altLabel, inverse=false, parameters={separator=,}, id=null, reconcileOn=null, headerCell=skos:altLabel(separator=",")]
20:38:47.083  993  DEBUG f.s.rdf.xls2rdf.Xls2RdfConverter - ColumnHeader [originalValue=skos:definition@en, language=Optional[en], datatype=Optional.empty, property=http://www.w3.org/2004/02/skos/core#definition, declaredProperty=skos:definition, inverse=false, parameters={}, id=null, reconcileOn=null, headerCell=skos:definition@en]
20:38:47.083  993  DEBUG f.s.rdf.xls2rdf.Xls2RdfConverter - ColumnHeader [originalValue=dct:source(separator=","), language=Optional.empty, datatype=Optional.empty, property=http://purl.org/dc/terms/source, declaredProperty=dct:source, inverse=false, parameters={separator=,}, id=null, reconcileOn=null, headerCell=dct:source(separator=",")]
20:38:47.086  996  DEBUG f.s.rdf.xls2rdf.Xls2RdfConverter - ColumnHeader [originalValue=skos:broader(separator=","), language=Optional.empty, datatype=Optional.empty, property=http://www.w3.org/2004/02/skos/core#broader, declaredProperty=skos:broader, inverse=false, parameters={separator=,}, id=null, reconcileOn=null, headerCell=skos:broader(separator=",")]
20:38:47.087  997  DEBUG f.s.rdf.xls2rdf.Xls2RdfConverter - ColumnHeader [originalValue=skos:closeMatch(separator=","), language=Optional.empty, datatype=Optional.empty, property=http://www.w3.org/2004/02/skos/core#closeMatch, declaredProperty=skos:closeMatch, inverse=false, parameters={separator=,}, id=null, reconcileOn=null, headerCell=skos:closeMatch(separator=",")]
20:38:47.088  998  DEBUG f.s.rdf.xls2rdf.Xls2RdfConverter - ColumnHeader [originalValue=skos:exactMatch(separator=","), language=Optional.empty, datatype=Optional.empty, property=http://www.w3.org/2004/02/skos/core#exactMatch, declaredProperty=skos:exactMatch, inverse=false, parameters={separator=,}, id=null, reconcileOn=null, headerCell=skos:exactMatch(separator=",")]
20:38:47.089  999  DEBUG f.s.rdf.xls2rdf.Xls2RdfConverter - ColumnHeader [originalValue=skos:relatedMatch(separator=","), language=Optional.empty, datatype=Optional.empty, property=http://www.w3.org/2004/02/skos/core#relatedMatch, declaredProperty=skos:relatedMatch, inverse=false, parameters={separator=,}, id=null, reconcileOn=null, headerCell=skos:relatedMatch(separator=",")]
20:38:47.090  1000 DEBUG f.s.rdf.xls2rdf.Xls2RdfConverter - ColumnHeader [originalValue=owl:deprecated^^xsd:boolean, language=Optional.empty, datatype=Optional[http://www.w3.org/2001/XMLSchema#boolean], property=http://www.w3.org/2002/07/owl#deprecated, declaredProperty=owl:deprecated, inverse=false, parameters={}, id=null, reconcileOn=null, headerCell=owl:deprecated^^xsd:boolean]
20:38:47.091  1001 DEBUG f.s.rdf.xls2rdf.Xls2RdfConverter - ColumnHeader [originalValue=dct:isReplacedBy, language=Optional.empty, datatype=Optional.empty, property=http://purl.org/dc/terms/isReplacedBy, declaredProperty=dct:isReplacedBy, inverse=false, parameters={}, id=null, reconcileOn=null, headerCell=dct:isReplacedBy]
20:38:47.094  1004 DEBUG f.s.rdf.xls2rdf.Xls2RdfConverter - ColumnHeader [originalValue=skos:editorialNote@en, language=Optional[en], datatype=Optional.empty, property=http://www.w3.org/2004/02/skos/core#editorialNote, declaredProperty=skos:editorialNote, inverse=false, parameters={}, id=null, reconcileOn=null, headerCell=skos:editorialNote@en]
20:38:47.094  1004 DEBUG f.s.rdf.xls2rdf.Xls2RdfConverter - ColumnHeader [originalValue=dct:creator(separator=","), language=Optional.empty, datatype=Optional.empty, property=http://purl.org/dc/terms/creator, declaredProperty=dct:creator, inverse=false, parameters={separator=,}, id=null, reconcileOn=null, headerCell=dct:creator(separator=",")]
20:38:47.095  1005 DEBUG f.s.rdf.xls2rdf.Xls2RdfConverter - ColumnHeader [originalValue=dct:contributor(separator=","), language=Optional.empty, datatype=Optional.empty, property=http://purl.org/dc/terms/contributor, declaredProperty=dct:contributor, inverse=false, parameters={separator=,}, id=null, reconcileOn=null, headerCell=dct:contributor(separator=",")]
20:38:47.095  1005 INFO  f.s.rdf.xls2rdf.Xls2RdfConverter - Converting rows...
20:38:47.265  1175 INFO  f.s.rdf.xls2rdf.Xls2RdfConverter - Applying SKOS post-processings on the result
20:38:47.265  1175 DEBUG f.s.rdf.xls2rdf.SkosPostProcessor - Postprocessing : SkosPostProcessor
20:38:47.266  1176 DEBUG f.s.rdf.xls2rdf.SkosPostProcessor - Considering main resource like a ConceptScheme.
20:38:47.280  1190 DEBUG f.s.rdf.xls2rdf.SkosPostProcessor - Adding inverse skos:broader and skos:narrower
20:38:47.287  1197 DEBUG f.s.rdf.xls2rdf.SkosPostProcessor - Adding skos:inScheme
20:38:47.289  1199 DEBUG f.s.rdf.xls2rdf.SkosPostProcessor - Setting rdf:type skos:ConceptScheme to main resource
20:38:47.290  1200 DEBUG f.s.rdf.xls2rdf.SkosPostProcessor - Adding skos:hasTopConcept / skos:topConceptOf
20:38:47.293  1203 DEBUG f.s.rdf.xls2rdf.Xls2RdfConverter - Saving graph of 1409 statements generated from Sheet Sheet1
